<?xml version="1.0" encoding="UTF-8"?>
<!-- Generated by org.testng.reporters.JUnitReportReporter -->
<testsuite hostname="LAPTOP-5ONM4F1J" failures="0" tests="2" name="com.tanya.APITestingFramework.testCases.CreateCustomerTest" time="3.426" errors="0" timestamp="14 Jan 2025 09:48:18 GMT" skipped="0">
  <testcase classname="com.tanya.APITestingFramework.testCases.CreateCustomerTest" name="validateCreateCustomerAPIWithValidSecretKey" time="0.690"/>
  <testcase classname="com.tanya.APITestingFramework.testCases.CreateCustomerTest" name="validateCreateCustomerAPIWithInvalidSecretKey" time="2.736"/>
</testsuite> <!-- com.tanya.APITestingFramework.testCases.CreateCustomerTest -->
